  Application.cpp
f:\projects\programs\acid engine\acid\game\src\application.cpp(38): warning C4244: 'argument': conversion from 'int' to 'float', possible loss of data
f:\projects\programs\acid engine\acid\game\src\application.cpp(44): warning C4244: 'argument': conversion from 'int' to 'float', possible loss of data
f:\projects\programs\acid engine\acid\game\src\application.cpp(48): warning C4244: 'argument': conversion from 'int' to 'float', possible loss of data
f:\projects\programs\acid engine\acid\game\src\application.cpp(64): warning C4551: function call missing argument list
f:\projects\programs\acid engine\acid\game\src\application.cpp(71): warning C4244: 'argument': conversion from 'float' to 'int', possible loss of data
  Generating Code...
  Skipping... (no relevant changes detected)
  Factory.cpp
  soil.lib(SOIL.obj) : MSIL .netmodule or module compiled with /GL found; restarting link with /LTCG; add /LTCG to the link command line to improve linker performance
LINK : warning LNK4075: ignoring '/INCREMENTAL' due to '/LTCG' specification
Application.obj : warning LNK4075: ignoring '/EDITANDCONTINUE' due to '/OPT:LBR' specification
MSVCRTD.lib(initializers.obj) : warning LNK4098: defaultlib 'msvcrt.lib' conflicts with use of other libs; use /NODEFAULTLIB:library
  Generating code
  Finished generating code
soil.lib(SOIL.obj) : warning LNK4099: PDB 'SOIL.pdb' was not found with 'soil.lib(SOIL.obj)' or at 'F:\Projects\Programs\Acid Engine\Acid\Debug\SOIL.pdb'; linking object as if no debug info
soil.lib(image_helper.obj) : warning LNK4099: PDB 'SOIL.pdb' was not found with 'soil.lib(image_helper.obj)' or at 'F:\Projects\Programs\Acid Engine\Acid\Debug\SOIL.pdb'; linking object as if no debug info
soil.lib(stb_image_aug.obj) : warning LNK4099: PDB 'SOIL.pdb' was not found with 'soil.lib(stb_image_aug.obj)' or at 'F:\Projects\Programs\Acid Engine\Acid\Debug\SOIL.pdb'; linking object as if no debug info
soil.lib(image_DXT.obj) : warning LNK4099: PDB 'SOIL.pdb' was not found with 'soil.lib(image_DXT.obj)' or at 'F:\Projects\Programs\Acid Engine\Acid\Debug\SOIL.pdb'; linking object as if no debug info
  Game.vcxproj -> F:\Projects\Programs\Acid Engine\Acid\Debug\Game.exe
  Game.vcxproj -> F:\Projects\Programs\Acid Engine\Acid\Debug\Game.pdb (Partial PDB)
