f:\projects\programs\acid engine\acid\acid\debug\acid.pdb
f:\projects\programs\acid engine\acid\acid\debug\acid.idb
f:\projects\programs\acid engine\acid\acid\debug\container2d.obj
f:\projects\programs\acid engine\acid\acid\debug\controller.obj
f:\projects\programs\acid engine\acid\acid\debug\rigidbody2d.obj
f:\projects\programs\acid engine\acid\acid\debug\sprite.obj
f:\projects\programs\acid engine\acid\acid\debug\transform.obj
f:\projects\programs\acid engine\acid\acid\debug\graphicobject.obj
f:\projects\programs\acid engine\acid\acid\debug\texture.obj
f:\projects\programs\acid engine\acid\acid\debug\keyboard.obj
f:\projects\programs\acid engine\acid\acid\debug\mouse.obj
f:\projects\programs\acid engine\acid\acid\debug\scene.obj
f:\projects\programs\acid engine\acid\acid\debug\window.obj
f:\projects\programs\acid engine\acid\acid\debug\utilities.obj
f:\projects\programs\acid engine\acid\acid\debug\xmlreader.obj
f:\projects\programs\acid engine\acid\debug\acid.lib
f:\projects\programs\acid engine\acid\debug\acid.pdb
f:\projects\programs\acid engine\acid\acid\debug\acid.tlog\cl.command.1.tlog
f:\projects\programs\acid engine\acid\acid\debug\acid.tlog\cl.read.1.tlog
f:\projects\programs\acid engine\acid\acid\debug\acid.tlog\cl.write.1.tlog
f:\projects\programs\acid engine\acid\acid\debug\acid.tlog\lib-link.read.1.tlog
f:\projects\programs\acid engine\acid\acid\debug\acid.tlog\lib-link.write.1.tlog
f:\projects\programs\acid engine\acid\acid\debug\acid.tlog\lib.command.1.tlog
